2019-08-07 13:43:11 +0000  Initial pipeline context: <IDEDistributionProcessingPipelineContext: 0x7fc550aec7c0; archive(resolved)='<IDEArchive: 0x7fc550752600>', distributionTask(resolved)='2', distributionDestination(resolved)='1', distributionMethod(resolved)='<IDEDistributionMethodiOSAppStoreDistribution: 0x7fc556f12df0>', team(resolved)='<IDEProvisioningDisambiguatableBasicTeam: 0x7fc551c4e860; teamID='C6P6TUNGK7', teamName='kavya shiva', teamType='Individual', username='kerryrosenberg5@gmail.com', isFreeProvisioningTeam='0'>'>
	Chain (12, self inclusive):
	<IDEDistributionProcessingPipelineContext: 0x7fc550aec7c0; archive = '<IDEArchive: 0x7fc550752600>', distributionMethod='<IDEDistributionMethodiOSAppStoreDistribution: 0x7fc556f12df0>', team='<IDEProvisioningDisambiguatableBasicTeam: 0x7fc551c4e860; teamID='C6P6TUNGK7', teamName='kavya shiva', teamType='Individual', username='kerryrosenberg5@gmail.com', isFreeProvisioningTeam='0'>'>
	<IDEDistributionProcessingPipelineContext: 0x7fc55ba51520; archive = '<IDEArchive: 0x7fc550752600>', distributionMethod='<IDEDistributionMethodiOSAppStoreDistribution: 0x7fc556f12df0>', team='<IDEProvisioningDisambiguatableBasicTeam: 0x7fc551c4e860; teamID='C6P6TUNGK7', teamName='kavya shiva', teamType='Individual', username='kerryrosenberg5@gmail.com', isFreeProvisioningTeam='0'>'>
	<IDEDistributionContext: 0x7fc55070f520; archive = '<IDEArchive: 0x7fc550752600>', distributionMethod='<IDEDistributionMethodiOSAppStoreDistribution: 0x7fc556f12df0>', team='<IDEProvisioningDisambiguatableBasicTeam: 0x7fc551c4e860; teamID='C6P6TUNGK7', teamName='kavya shiva', teamType='Individual', username='kerryrosenberg5@gmail.com', isFreeProvisioningTeam='0'>'>
	<IDEDistributionContext: 0x7fc55a44f320; archive = '<IDEArchive: 0x7fc550752600>', distributionMethod='<IDEDistributionMethodiOSAppStoreDistribution: 0x7fc556f12df0>', team='<IDEProvisioningDisambiguatableBasicTeam: 0x7fc551c4e860; teamID='C6P6TUNGK7', teamName='kavya shiva', teamType='Individual', username='kerryrosenberg5@gmail.com', isFreeProvisioningTeam='0'>'>
	<IDEDistributionContext: 0x7fc55a3c3a60; archive = '<IDEArchive: 0x7fc550752600>', distributionMethod='<IDEDistributionMethodiOSAppStoreDistribution: 0x7fc556f12df0>', team='<IDEProvisioningDisambiguatableBasicTeam: 0x7fc551c4e860; teamID='C6P6TUNGK7', teamName='kavya shiva', teamType='Individual', username='kerryrosenberg5@gmail.com', isFreeProvisioningTeam='0'>'>
	<IDEDistributionContext: 0x7fc5588bca30; archive = '<IDEArchive: 0x7fc550752600>', distributionMethod='<IDEDistributionMethodiOSAppStoreDistribution: 0x7fc556f12df0>', team='<IDEProvisioningDisambiguatableBasicTeam: 0x7fc551c4e860; teamID='C6P6TUNGK7', teamName='kavya shiva', teamType='Individual', username='kerryrosenberg5@gmail.com', isFreeProvisioningTeam='0'>'>
	<IDEDistributionContext: 0x7fc5525e83a0; archive = '<IDEArchive: 0x7fc550752600>', distributionMethod='<IDEDistributionMethodiOSAppStoreDistribution: 0x7fc556f12df0>', team='<IDEProvisioningDisambiguatableBasicTeam: 0x7fc551c4e860; teamID='C6P6TUNGK7', teamName='kavya shiva', teamType='Individual', username='kerryrosenberg5@gmail.com', isFreeProvisioningTeam='0'>'>
	<IDEDistributionContext: 0x7fc558af74f0; archive = '<IDEArchive: 0x7fc550752600>', distributionMethod='<IDEDistributionMethodiOSAppStoreDistribution: 0x7fc556f12df0>', team='<IDEProvisioningDisambiguatableBasicTeam: 0x7fc551c4e860; teamID='C6P6TUNGK7', teamName='kavya shiva', teamType='Individual', username='kerryrosenberg5@gmail.com', isFreeProvisioningTeam='0'>'>
	<IDEDistributionContext: 0x7fc55b4542d0; archive = '<IDEArchive: 0x7fc550752600>', distributionMethod='<IDEDistributionMethodiOSAppStoreDistribution: 0x7fc556f12df0>', team='<IDEProvisioningDisambiguatableBasicTeam: 0x7fc551c4e860; teamID='C6P6TUNGK7', teamName='kavya shiva', teamType='Individual', username='kerryrosenberg5@gmail.com', isFreeProvisioningTeam='0'>'>
	<IDEDistributionContext: 0x7fc55a25b380; archive = '<IDEArchive: 0x7fc550752600>', distributionMethod='<IDEDistributionMethodiOSAppStoreDistribution: 0x7fc556f12df0>', team='(null)'>
	<IDEDistributionContext: 0x7fc55205c5e0; archive = '<IDEArchive: 0x7fc550752600>', distributionMethod='<IDEDistributionMethodiOSAppStoreDistribution: 0x7fc556f12df0>', team='(null)'>
	<IDEDistributionContext: 0x7fc551cd2290; archive = '<IDEArchive: 0x7fc550752600>', distributionMethod='(null)', team='(null)'>
</IDEDistributionProcessingPipelineContext: 0x7fc550aec7c0>
2019-08-07 13:43:11 +0000  Processing step: IDEDistributionCreateDestRootStep
2019-08-07 13:43:11 +0000  Processing step: IDEDistributionCopyItemStep
2019-08-07 13:43:11 +0000  Running /usr/bin/ditto '-V' '/Users/shivakavya/Library/Developer/Xcode/Archives/2019-08-07/ReceiptLog 2019-08-07, 9.42 AM.xcarchive/Products/Applications/ReceiptLog.app' '/var/folders/vr/s90l4rb54lv82bp4j0p0cwlm0000gn/T/XcodeDistPipeline.~~~DqlVx5/Root/Payload/ReceiptLog.app'
2019-08-07 13:43:11 +0000  >>> Copying /Users/shivakavya/Library/Developer/Xcode/Archives/2019-08-07/ReceiptLog 2019-08-07, 9.42 AM.xcarchive/Products/Applications/ReceiptLog.app 
2019-08-07 13:43:11 +0000  
2019-08-07 13:43:11 +0000  copying file ./_CodeSignature/CodeResources ... 
2019-08-07 13:43:11 +0000  14419 bytes for ./_CodeSignature/CodeResources
2019-08-07 13:43:11 +0000  copying file ./ReceiptLog ... 
2019-08-07 13:43:11 +0000  1000496 bytes for ./ReceiptLog
2019-08-07 13:43:11 +0000  copying file ./Base.lproj/Main.storyboardc/list.nib ... 
2019-08-07 13:43:11 +0000  1025 bytes for ./Base.lproj/Main.storyboardc/list.nib
copying file ./Base.lproj/Main.storyboardc/jZM-8X-XaN-view-fIl-6r-IfV.nib ... 
2019-08-07 13:43:11 +0000  5812 bytes for ./Base.lproj/Main.storyboardc/jZM-8X-XaN-view-fIl-6r-IfV.nib
copying file ./Base.lproj/Main.storyboardc/login.nib ... 
2019-08-07 13:43:11 +0000  1302 bytes for ./Base.lproj/Main.storyboardc/login.nib
2019-08-07 13:43:11 +0000  copying file ./Base.lproj/Main.storyboardc/details.nib ... 
2019-08-07 13:43:11 +0000  1302 bytes for ./Base.lproj/Main.storyboardc/details.nib
2019-08-07 13:43:11 +0000  copying file ./Base.lproj/Main.storyboardc/group.nib ... 
2019-08-07 13:43:11 +0000  1027 bytes for ./Base.lproj/Main.storyboardc/group.nib
copying file ./Base.lproj/Main.storyboardc/tYE-7x-n3P-view-VCf-Ir-xNi.nib ... 
2019-08-07 13:43:11 +0000  6601 bytes for ./Base.lproj/Main.storyboardc/tYE-7x-n3P-view-VCf-Ir-xNi.nib
2019-08-07 13:43:11 +0000  copying file ./Base.lproj/Main.storyboardc/PIu-S4-JaI-view-ila-iL-ofB.nib ... 
2019-08-07 13:43:11 +0000  4698 bytes for ./Base.lproj/Main.storyboardc/PIu-S4-JaI-view-ila-iL-ofB.nib
2019-08-07 13:43:11 +0000  copying file ./Base.lproj/Main.storyboardc/gh3-8L-eGD-view-yyx-Ay-lr3.nib ... 
2019-08-07 13:43:11 +0000  7173 bytes for ./Base.lproj/Main.storyboardc/gh3-8L-eGD-view-yyx-Ay-lr3.nib
copying file ./Base.lproj/Main.storyboardc/BYZ-38-t0r-view-8bC-Xf-vdC.nib ... 
2019-08-07 13:43:11 +0000  3290 bytes for ./Base.lproj/Main.storyboardc/BYZ-38-t0r-view-8bC-Xf-vdC.nib
copying file ./Base.lproj/Main.storyboardc/displayAll.nib ... 
2019-08-07 13:43:11 +0000  1555 bytes for ./Base.lproj/Main.storyboardc/displayAll.nib
2019-08-07 13:43:11 +0000  copying file ./Base.lproj/Main.storyboardc/oDl-T0-JsH-view-8gq-7i-Isk.nib ... 
2019-08-07 13:43:11 +0000  3352 bytes for ./Base.lproj/Main.storyboardc/oDl-T0-JsH-view-8gq-7i-Isk.nib
copying file ./Base.lproj/Main.storyboardc/Info.plist ... 
2019-08-07 13:43:11 +0000  409 bytes for ./Base.lproj/Main.storyboardc/Info.plist
2019-08-07 13:43:11 +0000  copying file ./Base.lproj/Main.storyboardc/UINavigationController-tL6-WO-yds.nib ... 
2200 bytes for ./Base.lproj/Main.storyboardc/UINavigationController-tL6-WO-yds.nib
2019-08-07 13:43:11 +0000  copying file ./Base.lproj/Main.storyboardc/profile.nib ... 
2019-08-07 13:43:11 +0000  1288 bytes for ./Base.lproj/Main.storyboardc/profile.nib
copying file ./Base.lproj/LaunchScreen.storyboardc/01J-lp-oVM-view-Ze5-6b-2t3.nib ... 
2019-08-07 13:43:11 +0000  1136 bytes for ./Base.lproj/LaunchScreen.storyboardc/01J-lp-oVM-view-Ze5-6b-2t3.nib
copying file ./Base.lproj/LaunchScreen.storyboardc/UIViewController-01J-lp-oVM.nib ... 
2019-08-07 13:43:11 +0000  832 bytes for ./Base.lproj/LaunchScreen.storyboardc/UIViewController-01J-lp-oVM.nib
2019-08-07 13:43:11 +0000  copying file ./Base.lproj/LaunchScreen.storyboardc/Info.plist ... 
2019-08-07 13:43:11 +0000  258 bytes for ./Base.lproj/LaunchScreen.storyboardc/Info.plist
2019-08-07 13:43:11 +0000  copying file ./ReceiptLog.momd/ReceiptLog.mom ... 
2019-08-07 13:43:11 +0000  513 bytes for ./ReceiptLog.momd/ReceiptLog.mom
2019-08-07 13:43:11 +0000  copying file ./ReceiptLog.momd/VersionInfo.plist ... 
2019-08-07 13:43:11 +0000  157 bytes for ./ReceiptLog.momd/VersionInfo.plist
copying file ./ReceiptLog.momd/ReceiptLog.omo ... 
2019-08-07 13:43:11 +0000  696 bytes for ./ReceiptLog.momd/ReceiptLog.omo
copying file ./Assets.car ... 
2019-08-07 13:43:11 +0000  17608 bytes for ./Assets.car
2019-08-07 13:43:11 +0000  copying file ./Frameworks/RealmSwift.framework/_CodeSignature/CodeResources ... 
2019-08-07 13:43:11 +0000  1798 bytes for ./Frameworks/RealmSwift.framework/_CodeSignature/CodeResources
2019-08-07 13:43:11 +0000  copying file ./Frameworks/RealmSwift.framework/RealmSwift ... 
2019-08-07 13:43:11 +0000  3337808 bytes for ./Frameworks/RealmSwift.framework/RealmSwift
2019-08-07 13:43:11 +0000  copying file ./Frameworks/RealmSwift.framework/Info.plist ... 
2019-08-07 13:43:11 +0000  744 bytes for ./Frameworks/RealmSwift.framework/Info.plist
2019-08-07 13:43:11 +0000  copying file ./Frameworks/Realm.framework/_CodeSignature/CodeResources ... 
2019-08-07 13:43:11 +0000  1798 bytes for ./Frameworks/Realm.framework/_CodeSignature/CodeResources
2019-08-07 13:43:11 +0000  copying file ./Frameworks/Realm.framework/Info.plist ... 
2019-08-07 13:43:11 +0000  734 bytes for ./Frameworks/Realm.framework/Info.plist
copying file ./Frameworks/Realm.framework/Realm ... 
2019-08-07 13:43:11 +0000  35370128 bytes for ./Frameworks/Realm.framework/Realm
2019-08-07 13:43:11 +0000  copying file ./Frameworks/SwipeCellKit.framework/_CodeSignature/CodeResources ... 
2019-08-07 13:43:11 +0000  1798 bytes for ./Frameworks/SwipeCellKit.framework/_CodeSignature/CodeResources
2019-08-07 13:43:11 +0000  copying file ./Frameworks/SwipeCellKit.framework/SwipeCellKit ... 
2019-08-07 13:43:11 +0000  1900912 bytes for ./Frameworks/SwipeCellKit.framework/SwipeCellKit
2019-08-07 13:43:11 +0000  copying file ./Frameworks/SwipeCellKit.framework/Info.plist ... 
2019-08-07 13:43:11 +0000  747 bytes for ./Frameworks/SwipeCellKit.framework/Info.plist
2019-08-07 13:43:11 +0000  copying file ./Frameworks/IQKeyboardManagerSwift.framework/_CodeSignature/CodeResources ... 
2019-08-07 13:43:11 +0000  4698 bytes for ./Frameworks/IQKeyboardManagerSwift.framework/_CodeSignature/CodeResources
2019-08-07 13:43:11 +0000  copying file ./Frameworks/IQKeyboardManagerSwift.framework/IQKeyboardManager.bundle/IQButtonBarArrowRight@2x.png ... 
2019-08-07 13:43:11 +0000  1786 bytes for ./Frameworks/IQKeyboardManagerSwift.framework/IQKeyboardManager.bundle/IQButtonBarArrowRight@2x.png
2019-08-07 13:43:11 +0000  copying file ./Frameworks/IQKeyboardManagerSwift.framework/IQKeyboardManager.bundle/IQButtonBarArrowUp@3x.png ... 
2019-08-07 13:43:11 +0000  2164 bytes for ./Frameworks/IQKeyboardManagerSwift.framework/IQKeyboardManager.bundle/IQButtonBarArrowUp@3x.png
copying file ./Frameworks/IQKeyboardManagerSwift.framework/IQKeyboardManager.bundle/IQButtonBarArrowUp@2x.png ... 
2019-08-07 13:43:11 +0000  1769 bytes for ./Frameworks/IQKeyboardManagerSwift.framework/IQKeyboardManager.bundle/IQButtonBarArrowUp@2x.png
copying file ./Frameworks/IQKeyboardManagerSwift.framework/IQKeyboardManager.bundle/IQButtonBarArrowRight@3x.png ... 
2019-08-07 13:43:11 +0000  1844 bytes for ./Frameworks/IQKeyboardManagerSwift.framework/IQKeyboardManager.bundle/IQButtonBarArrowRight@3x.png
copying file ./Frameworks/IQKeyboardManagerSwift.framework/IQKeyboardManager.bundle/IQButtonBarArrowLeft@3x.png ... 
2019-08-07 13:43:11 +0000  1815 bytes for ./Frameworks/IQKeyboardManagerSwift.framework/IQKeyboardManager.bundle/IQButtonBarArrowLeft@3x.png
2019-08-07 13:43:11 +0000  copying file ./Frameworks/IQKeyboardManagerSwift.framework/IQKeyboardManager.bundle/IQButtonBarArrowDown@3x.png ... 
2019-08-07 13:43:11 +0000  2177 bytes for ./Frameworks/IQKeyboardManagerSwift.framework/IQKeyboardManager.bundle/IQButtonBarArrowDown@3x.png
2019-08-07 13:43:11 +0000  copying file ./Frameworks/IQKeyboardManagerSwift.framework/IQKeyboardManager.bundle/IQButtonBarArrowDown@2x.png ... 
2019-08-07 13:43:11 +0000  1764 bytes for ./Frameworks/IQKeyboardManagerSwift.framework/IQKeyboardManager.bundle/IQButtonBarArrowDown@2x.png
copying file ./Frameworks/IQKeyboardManagerSwift.framework/IQKeyboardManager.bundle/IQButtonBarArrowLeft@2x.png ... 
2019-08-07 13:43:11 +0000  1793 bytes for ./Frameworks/IQKeyboardManagerSwift.framework/IQKeyboardManager.bundle/IQButtonBarArrowLeft@2x.png
2019-08-07 13:43:11 +0000  copying file ./Frameworks/IQKeyboardManagerSwift.framework/IQKeyboardManagerSwift ... 
2019-08-07 13:43:11 +0000  2393536 bytes for ./Frameworks/IQKeyboardManagerSwift.framework/IQKeyboardManagerSwift
2019-08-07 13:43:11 +0000  copying file ./Frameworks/IQKeyboardManagerSwift.framework/Info.plist ... 
2019-08-07 13:43:11 +0000  769 bytes for ./Frameworks/IQKeyboardManagerSwift.framework/Info.plist
2019-08-07 13:43:11 +0000  copying file ./embedded.mobileprovision ... 
2019-08-07 13:43:11 +0000  7700 bytes for ./embedded.mobileprovision
copying file ./Info.plist ... 
2019-08-07 13:43:11 +0000  1310 bytes for ./Info.plist
2019-08-07 13:43:11 +0000  copying file ./PkgInfo ... 
2019-08-07 13:43:11 +0000  8 bytes for ./PkgInfo
2019-08-07 13:43:11 +0000  /usr/bin/ditto exited with 0
2019-08-07 13:43:11 +0000  Processing step: IDEDistributionEmbedProfileStep
2019-08-07 13:43:11 +0000  Skipping profile for item: <IDEDistributionItem: 0x7fc5577f4f80 'org.cocoapods.IQKeyboardManagerSwift' '<DVTFilePath:0x7fc559b3ace0:'/Users/shivakavya/Library/Developer/Xcode/Archives/2019-08-07/ReceiptLog 2019-08-07, 9.42 AM.xcarchive/Products/Applications/ReceiptLog.app/Frameworks/IQKeyboardManagerSwift.framework'>'>
2019-08-07 13:43:11 +0000  Skipping profile for item: <IDEDistributionItem: 0x7fc55a0f1b20 'org.cocoapods.Realm' '<DVTFilePath:0x7fc55a4a6850:'/Users/shivakavya/Library/Developer/Xcode/Archives/2019-08-07/ReceiptLog 2019-08-07, 9.42 AM.xcarchive/Products/Applications/ReceiptLog.app/Frameworks/Realm.framework'>'>
2019-08-07 13:43:11 +0000  Skipping profile for item: <IDEDistributionItem: 0x7fc5538ab320 'org.cocoapods.RealmSwift' '<DVTFilePath:0x7fc53bde5a50:'/Users/shivakavya/Library/Developer/Xcode/Archives/2019-08-07/ReceiptLog 2019-08-07, 9.42 AM.xcarchive/Products/Applications/ReceiptLog.app/Frameworks/RealmSwift.framework'>'>
2019-08-07 13:43:11 +0000  Skipping profile for item: <IDEDistributionItem: 0x7fc556f1a230 'org.cocoapods.SwipeCellKit' '<DVTFilePath:0x7fc55abb7f30:'/Users/shivakavya/Library/Developer/Xcode/Archives/2019-08-07/ReceiptLog 2019-08-07, 9.42 AM.xcarchive/Products/Applications/ReceiptLog.app/Frameworks/SwipeCellKit.framework'>'>
2019-08-07 13:43:11 +0000  Processing step: IDEDistributionItemRemovalStep
2019-08-07 13:43:11 +0000  Processing step: IDEDistributionAppThinningPlistStep
2019-08-07 13:43:11 +0000  Skipping step: IDEDistributionAppThinningPlistStep because it said so
2019-08-07 13:43:11 +0000  Processing step: IDEDistributionCompileBitcodeStep
2019-08-07 13:43:11 +0000  Skipping step: IDEDistributionCompileBitcodeStep because it said so
2019-08-07 13:43:11 +0000  Processing step: IDEDistributionCodeSlimmingStep
2019-08-07 13:43:11 +0000  Processing step: IDEDistributionCopyBCSymbolMapsStep
2019-08-07 13:43:11 +0000  Running /usr/bin/ditto '-V' '/Users/shivakavya/Library/Developer/Xcode/Archives/2019-08-07/ReceiptLog 2019-08-07, 9.42 AM.xcarchive/BCSymbolMaps/1F8D0E09-B590-3F0E-A529-32D25F46662E.bcsymbolmap' '/var/folders/vr/s90l4rb54lv82bp4j0p0cwlm0000gn/T/XcodeDistPipeline.~~~DqlVx5/Root/BCSymbolMaps/1F8D0E09-B590-3F0E-A529-32D25F46662E.bcsymbolmap'
2019-08-07 13:43:11 +0000  >>> Copying /Users/shivakavya/Library/Developer/Xcode/Archives/2019-08-07/ReceiptLog 2019-08-07, 9.42 AM.xcarchive/BCSymbolMaps/1F8D0E09-B590-3F0E-A529-32D25F46662E.bcsymbolmap 
2019-08-07 13:43:11 +0000  copying file ./1F8D0E09-B590-3F0E-A529-32D25F46662E.bcsymbolmap ... 
2019-08-07 13:43:11 +0000  172296 bytes for ./1F8D0E09-B590-3F0E-A529-32D25F46662E.bcsymbolmap
2019-08-07 13:43:11 +0000  /usr/bin/ditto exited with 0
2019-08-07 13:43:11 +0000  Running /usr/bin/ditto '-V' '/Users/shivakavya/Library/Developer/Xcode/Archives/2019-08-07/ReceiptLog 2019-08-07, 9.42 AM.xcarchive/BCSymbolMaps/EE2B8BF0-5A64-3E2B-B52D-A319C8CB1683.bcsymbolmap' '/var/folders/vr/s90l4rb54lv82bp4j0p0cwlm0000gn/T/XcodeDistPipeline.~~~DqlVx5/Root/BCSymbolMaps/EE2B8BF0-5A64-3E2B-B52D-A319C8CB1683.bcsymbolmap'
2019-08-07 13:43:11 +0000  >>> Copying /Users/shivakavya/Library/Developer/Xcode/Archives/2019-08-07/ReceiptLog 2019-08-07, 9.42 AM.xcarchive/BCSymbolMaps/EE2B8BF0-5A64-3E2B-B52D-A319C8CB1683.bcsymbolmap 
2019-08-07 13:43:11 +0000  copying file ./EE2B8BF0-5A64-3E2B-B52D-A319C8CB1683.bcsymbolmap ... 
2019-08-07 13:43:11 +0000  1227296 bytes for ./EE2B8BF0-5A64-3E2B-B52D-A319C8CB1683.bcsymbolmap
2019-08-07 13:43:11 +0000  /usr/bin/ditto exited with 0
2019-08-07 13:43:11 +0000  Running /usr/bin/ditto '-V' '/Users/shivakavya/Library/Developer/Xcode/Archives/2019-08-07/ReceiptLog 2019-08-07, 9.42 AM.xcarchive/BCSymbolMaps/BB0B4513-B9CA-3FBD-8A2B-CB4BDEB51822.bcsymbolmap' '/var/folders/vr/s90l4rb54lv82bp4j0p0cwlm0000gn/T/XcodeDistPipeline.~~~DqlVx5/Root/BCSymbolMaps/BB0B4513-B9CA-3FBD-8A2B-CB4BDEB51822.bcsymbolmap'
2019-08-07 13:43:11 +0000  >>> Copying /Users/shivakavya/Library/Developer/Xcode/Archives/2019-08-07/ReceiptLog 2019-08-07, 9.42 AM.xcarchive/BCSymbolMaps/BB0B4513-B9CA-3FBD-8A2B-CB4BDEB51822.bcsymbolmap 
2019-08-07 13:43:11 +0000  copying file ./BB0B4513-B9CA-3FBD-8A2B-CB4BDEB51822.bcsymbolmap ... 
2019-08-07 13:43:11 +0000  282494 bytes for ./BB0B4513-B9CA-3FBD-8A2B-CB4BDEB51822.bcsymbolmap
2019-08-07 13:43:11 +0000  /usr/bin/ditto exited with 0
2019-08-07 13:43:11 +0000  Running /usr/bin/ditto '-V' '/Users/shivakavya/Library/Developer/Xcode/Archives/2019-08-07/ReceiptLog 2019-08-07, 9.42 AM.xcarchive/BCSymbolMaps/CCFABFD1-E5F8-366A-8AAA-09932AF5D5F0.bcsymbolmap' '/var/folders/vr/s90l4rb54lv82bp4j0p0cwlm0000gn/T/XcodeDistPipeline.~~~DqlVx5/Root/BCSymbolMaps/CCFABFD1-E5F8-366A-8AAA-09932AF5D5F0.bcsymbolmap'
2019-08-07 13:43:11 +0000  >>> Copying /Users/shivakavya/Library/Developer/Xcode/Archives/2019-08-07/ReceiptLog 2019-08-07, 9.42 AM.xcarchive/BCSymbolMaps/CCFABFD1-E5F8-366A-8AAA-09932AF5D5F0.bcsymbolmap 
2019-08-07 13:43:11 +0000  copying file ./CCFABFD1-E5F8-366A-8AAA-09932AF5D5F0.bcsymbolmap ... 
2019-08-07 13:43:11 +0000  172492 bytes for ./CCFABFD1-E5F8-366A-8AAA-09932AF5D5F0.bcsymbolmap
2019-08-07 13:43:11 +0000  /usr/bin/ditto exited with 0
2019-08-07 13:43:11 +0000  Running /usr/bin/ditto '-V' '/Users/shivakavya/Library/Developer/Xcode/Archives/2019-08-07/ReceiptLog 2019-08-07, 9.42 AM.xcarchive/BCSymbolMaps/014CD02A-87C6-3A25-9AD9-1936C2DE747A.bcsymbolmap' '/var/folders/vr/s90l4rb54lv82bp4j0p0cwlm0000gn/T/XcodeDistPipeline.~~~DqlVx5/Root/BCSymbolMaps/014CD02A-87C6-3A25-9AD9-1936C2DE747A.bcsymbolmap'
2019-08-07 13:43:11 +0000  >>> Copying /Users/shivakavya/Library/Developer/Xcode/Archives/2019-08-07/ReceiptLog 2019-08-07, 9.42 AM.xcarchive/BCSymbolMaps/014CD02A-87C6-3A25-9AD9-1936C2DE747A.bcsymbolmap 
2019-08-07 13:43:11 +0000  copying file ./014CD02A-87C6-3A25-9AD9-1936C2DE747A.bcsymbolmap ... 
2019-08-07 13:43:11 +0000  75221 bytes for ./014CD02A-87C6-3A25-9AD9-1936C2DE747A.bcsymbolmap
2019-08-07 13:43:11 +0000  /usr/bin/ditto exited with 0
2019-08-07 13:43:11 +0000  Processing step: IDEDistributionSymbolsStep
2019-08-07 13:43:11 +0000  Excluding symbols for IQKeyboardManagerSwift.framework
2019-08-07 13:43:11 +0000  Excluding symbols for Realm.framework
2019-08-07 13:43:11 +0000  Excluding symbols for RealmSwift.framework
2019-08-07 13:43:11 +0000  Excluding symbols for SwipeCellKit.framework
2019-08-07 13:43:11 +0000  Excluding symbols for ReceiptLog.app
2019-08-07 13:43:11 +0000  Processing step: IDEDistributionCopyAppleProvidedContentStep
2019-08-07 13:43:11 +0000  Processing step: IDEDistributionAppThinningStep
2019-08-07 13:43:11 +0000  Skipping step: IDEDistributionAppThinningStep because it said so
2019-08-07 13:43:11 +0000  Processing step: IDEDistributionArchThinningStep
2019-08-07 13:43:11 +0000  Running /Applications/Xcode.app/Contents/Developer/Toolchains/XcodeDefault.xctoolchain/usr/bin/lipo '/var/folders/vr/s90l4rb54lv82bp4j0p0cwlm0000gn/T/XcodeDistPipeline.~~~DqlVx5/Root/Payload/ReceiptLog.app/Frameworks/IQKeyboardManagerSwift.framework/IQKeyboardManagerSwift' '-verify_arch' 'arm64e'
2019-08-07 13:43:11 +0000  /Applications/Xcode.app/Contents/Developer/Toolchains/XcodeDefault.xctoolchain/usr/bin/lipo exited with 1
2019-08-07 13:43:11 +0000  Skipping architecture thinning for item "IQKeyboardManagerSwift" because arch "arm64e" wasn't found
2019-08-07 13:43:11 +0000  Running /Applications/Xcode.app/Contents/Developer/Toolchains/XcodeDefault.xctoolchain/usr/bin/lipo '/var/folders/vr/s90l4rb54lv82bp4j0p0cwlm0000gn/T/XcodeDistPipeline.~~~DqlVx5/Root/Payload/ReceiptLog.app/Frameworks/Realm.framework/Realm' '-verify_arch' 'arm64e'
2019-08-07 13:43:11 +0000  /Applications/Xcode.app/Contents/Developer/Toolchains/XcodeDefault.xctoolchain/usr/bin/lipo exited with 1
2019-08-07 13:43:11 +0000  Skipping architecture thinning for item "Realm" because arch "arm64e" wasn't found
2019-08-07 13:43:11 +0000  Running /Applications/Xcode.app/Contents/Developer/Toolchains/XcodeDefault.xctoolchain/usr/bin/lipo '/var/folders/vr/s90l4rb54lv82bp4j0p0cwlm0000gn/T/XcodeDistPipeline.~~~DqlVx5/Root/Payload/ReceiptLog.app/Frameworks/RealmSwift.framework/RealmSwift' '-verify_arch' 'arm64e'
2019-08-07 13:43:11 +0000  /Applications/Xcode.app/Contents/Developer/Toolchains/XcodeDefault.xctoolchain/usr/bin/lipo exited with 1
2019-08-07 13:43:11 +0000  Skipping architecture thinning for item "RealmSwift" because arch "arm64e" wasn't found
2019-08-07 13:43:11 +0000  Running /Applications/Xcode.app/Contents/Developer/Toolchains/XcodeDefault.xctoolchain/usr/bin/lipo '/var/folders/vr/s90l4rb54lv82bp4j0p0cwlm0000gn/T/XcodeDistPipeline.~~~DqlVx5/Root/Payload/ReceiptLog.app/Frameworks/SwipeCellKit.framework/SwipeCellKit' '-verify_arch' 'arm64e'
2019-08-07 13:43:11 +0000  /Applications/Xcode.app/Contents/Developer/Toolchains/XcodeDefault.xctoolchain/usr/bin/lipo exited with 1
2019-08-07 13:43:11 +0000  Skipping architecture thinning for item "SwipeCellKit" because arch "arm64e" wasn't found
2019-08-07 13:43:11 +0000  Running /Applications/Xcode.app/Contents/Developer/Toolchains/XcodeDefault.xctoolchain/usr/bin/lipo '/var/folders/vr/s90l4rb54lv82bp4j0p0cwlm0000gn/T/XcodeDistPipeline.~~~DqlVx5/Root/Payload/ReceiptLog.app/ReceiptLog' '-verify_arch' 'arm64e'
2019-08-07 13:43:11 +0000  /Applications/Xcode.app/Contents/Developer/Toolchains/XcodeDefault.xctoolchain/usr/bin/lipo exited with 1
2019-08-07 13:43:11 +0000  Skipping architecture thinning for item "ReceiptLog" because arch "arm64e" wasn't found
2019-08-07 13:43:11 +0000  Processing step: IDEDistributionODRStep
2019-08-07 13:43:11 +0000  Processing step: IDEDistributionStripXattrsStep
2019-08-07 13:43:11 +0000  Skipping stripping extended attributes of item: <IDEDistributionItem: 0x7fc5577f4f80 'org.cocoapods.IQKeyboardManagerSwift' '<DVTFilePath:0x7fc559b3ace0:'/Users/shivakavya/Library/Developer/Xcode/Archives/2019-08-07/ReceiptLog 2019-08-07, 9.42 AM.xcarchive/Products/Applications/ReceiptLog.app/Frameworks/IQKeyboardManagerSwift.framework'>'>
2019-08-07 13:43:11 +0000  Skipping stripping extended attributes of item: <IDEDistributionItem: 0x7fc55a0f1b20 'org.cocoapods.Realm' '<DVTFilePath:0x7fc55a4a6850:'/Users/shivakavya/Library/Developer/Xcode/Archives/2019-08-07/ReceiptLog 2019-08-07, 9.42 AM.xcarchive/Products/Applications/ReceiptLog.app/Frameworks/Realm.framework'>'>
2019-08-07 13:43:11 +0000  Skipping stripping extended attributes of item: <IDEDistributionItem: 0x7fc5538ab320 'org.cocoapods.RealmSwift' '<DVTFilePath:0x7fc53bde5a50:'/Users/shivakavya/Library/Developer/Xcode/Archives/2019-08-07/ReceiptLog 2019-08-07, 9.42 AM.xcarchive/Products/Applications/ReceiptLog.app/Frameworks/RealmSwift.framework'>'>
2019-08-07 13:43:11 +0000  Skipping stripping extended attributes of item: <IDEDistributionItem: 0x7fc556f1a230 'org.cocoapods.SwipeCellKit' '<DVTFilePath:0x7fc55abb7f30:'/Users/shivakavya/Library/Developer/Xcode/Archives/2019-08-07/ReceiptLog 2019-08-07, 9.42 AM.xcarchive/Products/Applications/ReceiptLog.app/Frameworks/SwipeCellKit.framework'>'>
2019-08-07 13:43:11 +0000  Running /usr/bin/xattr '-crs' '/var/folders/vr/s90l4rb54lv82bp4j0p0cwlm0000gn/T/XcodeDistPipeline.~~~DqlVx5/Root/Payload/ReceiptLog.app'
2019-08-07 13:43:11 +0000  /usr/bin/xattr exited with 0
2019-08-07 13:43:11 +0000  Processing step: IDEDistributionCodesignStep
2019-08-07 13:43:11 +0000  Entitlements for <IDEDistributionItem: 0x7fc5577f4f80 'org.cocoapods.IQKeyboardManagerSwift' '<DVTFilePath:0x7fc559b3ace0:'/Users/shivakavya/Library/Developer/Xcode/Archives/2019-08-07/ReceiptLog 2019-08-07, 9.42 AM.xcarchive/Products/Applications/ReceiptLog.app/Frameworks/IQKeyboardManagerSwift.framework'>'>: {
}
2019-08-07 13:43:12 +0000  Writing entitlements for <IDEDistributionItem: 0x7fc5577f4f80 'org.cocoapods.IQKeyboardManagerSwift' '<DVTFilePath:0x7fc559b3ace0:'/Users/shivakavya/Library/Developer/Xcode/Archives/2019-08-07/ReceiptLog 2019-08-07, 9.42 AM.xcarchive/Products/Applications/ReceiptLog.app/Frameworks/IQKeyboardManagerSwift.framework'>'> to: /var/folders/vr/s90l4rb54lv82bp4j0p0cwlm0000gn/T/XcodeDistPipeline.~~~DqlVx5/entitlements~~~HQG7T2
2019-08-07 13:43:12 +0000  Running /usr/bin/codesign '-vvv' '--force' '--sign' 'D704ADE990344F6DC395A3793CC23EF56BA62D8E' '--entitlements' '/var/folders/vr/s90l4rb54lv82bp4j0p0cwlm0000gn/T/XcodeDistPipeline.~~~DqlVx5/entitlements~~~HQG7T2' '--preserve-metadata=identifier,flags,runtime' '/var/folders/vr/s90l4rb54lv82bp4j0p0cwlm0000gn/T/XcodeDistPipeline.~~~DqlVx5/Root/Payload/ReceiptLog.app/Frameworks/IQKeyboardManagerSwift.framework'
2019-08-07 13:43:12 +0000  /var/folders/vr/s90l4rb54lv82bp4j0p0cwlm0000gn/T/XcodeDistPipeline.~~~DqlVx5/Root/Payload/ReceiptLog.app/Frameworks/IQKeyboardManagerSwift.framework: signed bundle with Mach-O universal (arm64) [org.cocoapods.IQKeyboardManagerSwift]
2019-08-07 13:43:12 +0000  /usr/bin/codesign exited with 0
2019-08-07 13:43:12 +0000  Entitlements for <IDEDistributionItem: 0x7fc55a0f1b20 'org.cocoapods.Realm' '<DVTFilePath:0x7fc55a4a6850:'/Users/shivakavya/Library/Developer/Xcode/Archives/2019-08-07/ReceiptLog 2019-08-07, 9.42 AM.xcarchive/Products/Applications/ReceiptLog.app/Frameworks/Realm.framework'>'>: {
}
2019-08-07 13:43:12 +0000  Writing entitlements for <IDEDistributionItem: 0x7fc55a0f1b20 'org.cocoapods.Realm' '<DVTFilePath:0x7fc55a4a6850:'/Users/shivakavya/Library/Developer/Xcode/Archives/2019-08-07/ReceiptLog 2019-08-07, 9.42 AM.xcarchive/Products/Applications/ReceiptLog.app/Frameworks/Realm.framework'>'> to: /var/folders/vr/s90l4rb54lv82bp4j0p0cwlm0000gn/T/XcodeDistPipeline.~~~DqlVx5/entitlements~~~79w2kd
2019-08-07 13:43:12 +0000  Running /usr/bin/codesign '-vvv' '--force' '--sign' 'D704ADE990344F6DC395A3793CC23EF56BA62D8E' '--entitlements' '/var/folders/vr/s90l4rb54lv82bp4j0p0cwlm0000gn/T/XcodeDistPipeline.~~~DqlVx5/entitlements~~~79w2kd' '--preserve-metadata=identifier,flags,runtime' '/var/folders/vr/s90l4rb54lv82bp4j0p0cwlm0000gn/T/XcodeDistPipeline.~~~DqlVx5/Root/Payload/ReceiptLog.app/Frameworks/Realm.framework'
2019-08-07 13:43:12 +0000  /var/folders/vr/s90l4rb54lv82bp4j0p0cwlm0000gn/T/XcodeDistPipeline.~~~DqlVx5/Root/Payload/ReceiptLog.app/Frameworks/Realm.framework: signed bundle with Mach-O universal (arm64) [org.cocoapods.Realm]
2019-08-07 13:43:12 +0000  /usr/bin/codesign exited with 0
2019-08-07 13:43:12 +0000  Entitlements for <IDEDistributionItem: 0x7fc5538ab320 'org.cocoapods.RealmSwift' '<DVTFilePath:0x7fc53bde5a50:'/Users/shivakavya/Library/Developer/Xcode/Archives/2019-08-07/ReceiptLog 2019-08-07, 9.42 AM.xcarchive/Products/Applications/ReceiptLog.app/Frameworks/RealmSwift.framework'>'>: {
}
2019-08-07 13:43:12 +0000  Writing entitlements for <IDEDistributionItem: 0x7fc5538ab320 'org.cocoapods.RealmSwift' '<DVTFilePath:0x7fc53bde5a50:'/Users/shivakavya/Library/Developer/Xcode/Archives/2019-08-07/ReceiptLog 2019-08-07, 9.42 AM.xcarchive/Products/Applications/ReceiptLog.app/Frameworks/RealmSwift.framework'>'> to: /var/folders/vr/s90l4rb54lv82bp4j0p0cwlm0000gn/T/XcodeDistPipeline.~~~DqlVx5/entitlements~~~rBBuPM
2019-08-07 13:43:12 +0000  Running /usr/bin/codesign '-vvv' '--force' '--sign' 'D704ADE990344F6DC395A3793CC23EF56BA62D8E' '--entitlements' '/var/folders/vr/s90l4rb54lv82bp4j0p0cwlm0000gn/T/XcodeDistPipeline.~~~DqlVx5/entitlements~~~rBBuPM' '--preserve-metadata=identifier,flags,runtime' '/var/folders/vr/s90l4rb54lv82bp4j0p0cwlm0000gn/T/XcodeDistPipeline.~~~DqlVx5/Root/Payload/ReceiptLog.app/Frameworks/RealmSwift.framework'
2019-08-07 13:43:12 +0000  /var/folders/vr/s90l4rb54lv82bp4j0p0cwlm0000gn/T/XcodeDistPipeline.~~~DqlVx5/Root/Payload/ReceiptLog.app/Frameworks/RealmSwift.framework: signed bundle with Mach-O universal (arm64) [org.cocoapods.RealmSwift]
2019-08-07 13:43:12 +0000  /usr/bin/codesign exited with 0
2019-08-07 13:43:12 +0000  Entitlements for <IDEDistributionItem: 0x7fc556f1a230 'org.cocoapods.SwipeCellKit' '<DVTFilePath:0x7fc55abb7f30:'/Users/shivakavya/Library/Developer/Xcode/Archives/2019-08-07/ReceiptLog 2019-08-07, 9.42 AM.xcarchive/Products/Applications/ReceiptLog.app/Frameworks/SwipeCellKit.framework'>'>: {
}
2019-08-07 13:43:12 +0000  Writing entitlements for <IDEDistributionItem: 0x7fc556f1a230 'org.cocoapods.SwipeCellKit' '<DVTFilePath:0x7fc55abb7f30:'/Users/shivakavya/Library/Developer/Xcode/Archives/2019-08-07/ReceiptLog 2019-08-07, 9.42 AM.xcarchive/Products/Applications/ReceiptLog.app/Frameworks/SwipeCellKit.framework'>'> to: /var/folders/vr/s90l4rb54lv82bp4j0p0cwlm0000gn/T/XcodeDistPipeline.~~~DqlVx5/entitlements~~~3SCyLH
2019-08-07 13:43:12 +0000  Running /usr/bin/codesign '-vvv' '--force' '--sign' 'D704ADE990344F6DC395A3793CC23EF56BA62D8E' '--entitlements' '/var/folders/vr/s90l4rb54lv82bp4j0p0cwlm0000gn/T/XcodeDistPipeline.~~~DqlVx5/entitlements~~~3SCyLH' '--preserve-metadata=identifier,flags,runtime' '/var/folders/vr/s90l4rb54lv82bp4j0p0cwlm0000gn/T/XcodeDistPipeline.~~~DqlVx5/Root/Payload/ReceiptLog.app/Frameworks/SwipeCellKit.framework'
2019-08-07 13:43:12 +0000  /var/folders/vr/s90l4rb54lv82bp4j0p0cwlm0000gn/T/XcodeDistPipeline.~~~DqlVx5/Root/Payload/ReceiptLog.app/Frameworks/SwipeCellKit.framework: signed bundle with Mach-O universal (arm64) [org.cocoapods.SwipeCellKit]
2019-08-07 13:43:12 +0000  /usr/bin/codesign exited with 0
2019-08-07 13:43:12 +0000  Entitlements for <IDEDistributionItem: 0x7fc5542793a0 'com.example.ReceiptLog' '<DVTFilePath:0x7fc550ddcc30:'/Users/shivakavya/Library/Developer/Xcode/Archives/2019-08-07/ReceiptLog 2019-08-07, 9.42 AM.xcarchive/Products/Applications/ReceiptLog.app'>'>: {
    "application-identifier" = "C6P6TUNGK7.com.example.ReceiptLog";
    "beta-reports-active" = 1;
    "com.apple.developer.team-identifier" = C6P6TUNGK7;
    "get-task-allow" = 0;
    "keychain-access-groups" =     (
        "C6P6TUNGK7.com.example.ReceiptLog"
    );
}
2019-08-07 13:43:12 +0000  Writing entitlements for <IDEDistributionItem: 0x7fc5542793a0 'com.example.ReceiptLog' '<DVTFilePath:0x7fc550ddcc30:'/Users/shivakavya/Library/Developer/Xcode/Archives/2019-08-07/ReceiptLog 2019-08-07, 9.42 AM.xcarchive/Products/Applications/ReceiptLog.app'>'> to: /var/folders/vr/s90l4rb54lv82bp4j0p0cwlm0000gn/T/XcodeDistPipeline.~~~DqlVx5/entitlements~~~XiRvTj
2019-08-07 13:43:12 +0000  Running /usr/bin/codesign '-vvv' '--force' '--sign' 'D704ADE990344F6DC395A3793CC23EF56BA62D8E' '--entitlements' '/var/folders/vr/s90l4rb54lv82bp4j0p0cwlm0000gn/T/XcodeDistPipeline.~~~DqlVx5/entitlements~~~XiRvTj' '--preserve-metadata=identifier,flags,runtime' '/var/folders/vr/s90l4rb54lv82bp4j0p0cwlm0000gn/T/XcodeDistPipeline.~~~DqlVx5/Root/Payload/ReceiptLog.app'
2019-08-07 13:43:12 +0000  /var/folders/vr/s90l4rb54lv82bp4j0p0cwlm0000gn/T/XcodeDistPipeline.~~~DqlVx5/Root/Payload/ReceiptLog.app: signed app bundle with Mach-O thin (arm64) [com.example.ReceiptLog]
2019-08-07 13:43:12 +0000  /usr/bin/codesign exited with 0
2019-08-07 13:43:12 +0000  Processing step: IDEDistributionZipODRItemStep
2019-08-07 13:43:12 +0000  Skipping step: IDEDistributionZipODRItemStep because it said so
2019-08-07 13:43:12 +0000  Skipping step: IDEDistributionZipODRItemStep because it said so
2019-08-07 13:43:12 +0000  Skipping step: IDEDistributionZipODRItemStep because it said so
2019-08-07 13:43:12 +0000  Skipping step: IDEDistributionZipODRItemStep because it said so
2019-08-07 13:43:12 +0000  Skipping step: IDEDistributionZipODRItemStep because it said so
2019-08-07 13:43:12 +0000  Processing step: IDEDistributionCreateIPAStep
2019-08-07 13:43:12 +0000  Running /usr/bin/ditto '-V' '-c' '-k' '--norsrc' '/var/folders/vr/s90l4rb54lv82bp4j0p0cwlm0000gn/T/XcodeDistPipeline.~~~DqlVx5/Root' '/var/folders/vr/s90l4rb54lv82bp4j0p0cwlm0000gn/T/XcodeDistPipeline.~~~DqlVx5/Packages/ReceiptLog.ipa'
2019-08-07 13:43:12 +0000  >>> Copying /var/folders/vr/s90l4rb54lv82bp4j0p0cwlm0000gn/T/XcodeDistPipeline.~~~DqlVx5/Root 
2019-08-07 13:43:12 +0000  copying file ./BCSymbolMaps/1F8D0E09-B590-3F0E-A529-32D25F46662E.bcsymbolmap ... 
2019-08-07 13:43:12 +0000  172296 bytes for ./BCSymbolMaps/1F8D0E09-B590-3F0E-A529-32D25F46662E.bcsymbolmap
copying file ./BCSymbolMaps/BB0B4513-B9CA-3FBD-8A2B-CB4BDEB51822.bcsymbolmap ... 
2019-08-07 13:43:12 +0000  282494 bytes for ./BCSymbolMaps/BB0B4513-B9CA-3FBD-8A2B-CB4BDEB51822.bcsymbolmap
copying file ./BCSymbolMaps/EE2B8BF0-5A64-3E2B-B52D-A319C8CB1683.bcsymbolmap ... 
2019-08-07 13:43:12 +0000  1227296 bytes for ./BCSymbolMaps/EE2B8BF0-5A64-3E2B-B52D-A319C8CB1683.bcsymbolmap
copying file ./BCSymbolMaps/014CD02A-87C6-3A25-9AD9-1936C2DE747A.bcsymbolmap ... 
2019-08-07 13:43:12 +0000  75221 bytes for ./BCSymbolMaps/014CD02A-87C6-3A25-9AD9-1936C2DE747A.bcsymbolmap
copying file ./BCSymbolMaps/CCFABFD1-E5F8-366A-8AAA-09932AF5D5F0.bcsymbolmap ... 
2019-08-07 13:43:12 +0000  172492 bytes for ./BCSymbolMaps/CCFABFD1-E5F8-366A-8AAA-09932AF5D5F0.bcsymbolmap
2019-08-07 13:43:12 +0000  copying file ./Payload/ReceiptLog.app/_CodeSignature/CodeResources ... 
2019-08-07 13:43:12 +0000  14419 bytes for ./Payload/ReceiptLog.app/_CodeSignature/CodeResources
copying file ./Payload/ReceiptLog.app/ReceiptLog ... 
2019-08-07 13:43:12 +0000  837360 bytes for ./Payload/ReceiptLog.app/ReceiptLog
2019-08-07 13:43:12 +0000  copying file ./Payload/ReceiptLog.app/Base.lproj/Main.storyboardc/list.nib ... 
1025 bytes for ./Payload/ReceiptLog.app/Base.lproj/Main.storyboardc/list.nib
copying file ./Payload/ReceiptLog.app/Base.lproj/Main.storyboardc/jZM-8X-XaN-view-fIl-6r-IfV.nib ... 
5812 bytes for ./Payload/ReceiptLog.app/Base.lproj/Main.storyboardc/jZM-8X-XaN-view-fIl-6r-IfV.nib
2019-08-07 13:43:12 +0000  copying file ./Payload/ReceiptLog.app/Base.lproj/Main.storyboardc/login.nib ... 
1302 bytes for ./Payload/ReceiptLog.app/Base.lproj/Main.storyboardc/login.nib
copying file ./Payload/ReceiptLog.app/Base.lproj/Main.storyboardc/details.nib ... 
2019-08-07 13:43:12 +0000  1302 bytes for ./Payload/ReceiptLog.app/Base.lproj/Main.storyboardc/details.nib
copying file ./Payload/ReceiptLog.app/Base.lproj/Main.storyboardc/group.nib ... 
1027 bytes for ./Payload/ReceiptLog.app/Base.lproj/Main.storyboardc/group.nib
copying file ./Payload/ReceiptLog.app/Base.lproj/Main.storyboardc/tYE-7x-n3P-view-VCf-Ir-xNi.nib ... 
2019-08-07 13:43:12 +0000  6601 bytes for ./Payload/ReceiptLog.app/Base.lproj/Main.storyboardc/tYE-7x-n3P-view-VCf-Ir-xNi.nib
copying file ./Payload/ReceiptLog.app/Base.lproj/Main.storyboardc/PIu-S4-JaI-view-ila-iL-ofB.nib ... 
2019-08-07 13:43:12 +0000  4698 bytes for ./Payload/ReceiptLog.app/Base.lproj/Main.storyboardc/PIu-S4-JaI-view-ila-iL-ofB.nib
copying file ./Payload/ReceiptLog.app/Base.lproj/Main.storyboardc/gh3-8L-eGD-view-yyx-Ay-lr3.nib ... 
2019-08-07 13:43:12 +0000  7173 bytes for ./Payload/ReceiptLog.app/Base.lproj/Main.storyboardc/gh3-8L-eGD-view-yyx-Ay-lr3.nib
copying file ./Payload/ReceiptLog.app/Base.lproj/Main.storyboardc/BYZ-38-t0r-view-8bC-Xf-vdC.nib ... 
2019-08-07 13:43:12 +0000  3290 bytes for ./Payload/ReceiptLog.app/Base.lproj/Main.storyboardc/BYZ-38-t0r-view-8bC-Xf-vdC.nib
copying file ./Payload/ReceiptLog.app/Base.lproj/Main.storyboardc/displayAll.nib ... 
2019-08-07 13:43:12 +0000  1555 bytes for ./Payload/ReceiptLog.app/Base.lproj/Main.storyboardc/displayAll.nib
copying file ./Payload/ReceiptLog.app/Base.lproj/Main.storyboardc/oDl-T0-JsH-view-8gq-7i-Isk.nib ... 
2019-08-07 13:43:12 +0000  3352 bytes for ./Payload/ReceiptLog.app/Base.lproj/Main.storyboardc/oDl-T0-JsH-view-8gq-7i-Isk.nib
2019-08-07 13:43:12 +0000  copying file ./Payload/ReceiptLog.app/Base.lproj/Main.storyboardc/Info.plist ... 
409 bytes for ./Payload/ReceiptLog.app/Base.lproj/Main.storyboardc/Info.plist
copying file ./Payload/ReceiptLog.app/Base.lproj/Main.storyboardc/UINavigationController-tL6-WO-yds.nib ... 
2200 bytes for ./Payload/ReceiptLog.app/Base.lproj/Main.storyboardc/UINavigationController-tL6-WO-yds.nib
2019-08-07 13:43:12 +0000  copying file ./Payload/ReceiptLog.app/Base.lproj/Main.storyboardc/profile.nib ... 
1288 bytes for ./Payload/ReceiptLog.app/Base.lproj/Main.storyboardc/profile.nib
copying file ./Payload/ReceiptLog.app/Base.lproj/LaunchScreen.storyboardc/01J-lp-oVM-view-Ze5-6b-2t3.nib ... 
2019-08-07 13:43:12 +0000  1136 bytes for ./Payload/ReceiptLog.app/Base.lproj/LaunchScreen.storyboardc/01J-lp-oVM-view-Ze5-6b-2t3.nib
copying file ./Payload/ReceiptLog.app/Base.lproj/LaunchScreen.storyboardc/UIViewController-01J-lp-oVM.nib ... 
2019-08-07 13:43:12 +0000  832 bytes for ./Payload/ReceiptLog.app/Base.lproj/LaunchScreen.storyboardc/UIViewController-01J-lp-oVM.nib
2019-08-07 13:43:12 +0000  copying file ./Payload/ReceiptLog.app/Base.lproj/LaunchScreen.storyboardc/Info.plist ... 
258 bytes for ./Payload/ReceiptLog.app/Base.lproj/LaunchScreen.storyboardc/Info.plist
2019-08-07 13:43:12 +0000  copying file ./Payload/ReceiptLog.app/ReceiptLog.momd/ReceiptLog.mom ... 
2019-08-07 13:43:12 +0000  513 bytes for ./Payload/ReceiptLog.app/ReceiptLog.momd/ReceiptLog.mom
copying file ./Payload/ReceiptLog.app/ReceiptLog.momd/VersionInfo.plist ... 
157 bytes for ./Payload/ReceiptLog.app/ReceiptLog.momd/VersionInfo.plist
copying file ./Payload/ReceiptLog.app/ReceiptLog.momd/ReceiptLog.omo ... 
2019-08-07 13:43:12 +0000  696 bytes for ./Payload/ReceiptLog.app/ReceiptLog.momd/ReceiptLog.omo
copying file ./Payload/ReceiptLog.app/Assets.car ... 
2019-08-07 13:43:12 +0000  17608 bytes for ./Payload/ReceiptLog.app/Assets.car
2019-08-07 13:43:12 +0000  copying file ./Payload/ReceiptLog.app/Frameworks/RealmSwift.framework/_CodeSignature/CodeResources ... 
1798 bytes for ./Payload/ReceiptLog.app/Frameworks/RealmSwift.framework/_CodeSignature/CodeResources
copying file ./Payload/ReceiptLog.app/Frameworks/RealmSwift.framework/RealmSwift ... 
2019-08-07 13:43:12 +0000  2196992 bytes for ./Payload/ReceiptLog.app/Frameworks/RealmSwift.framework/RealmSwift
copying file ./Payload/ReceiptLog.app/Frameworks/RealmSwift.framework/Info.plist ... 
2019-08-07 13:43:12 +0000  744 bytes for ./Payload/ReceiptLog.app/Frameworks/RealmSwift.framework/Info.plist
copying file ./Payload/ReceiptLog.app/Frameworks/Realm.framework/_CodeSignature/CodeResources ... 
1798 bytes for ./Payload/ReceiptLog.app/Frameworks/Realm.framework/_CodeSignature/CodeResources
copying file ./Payload/ReceiptLog.app/Frameworks/Realm.framework/Info.plist ... 
734 bytes for ./Payload/ReceiptLog.app/Frameworks/Realm.framework/Info.plist
copying file ./Payload/ReceiptLog.app/Frameworks/Realm.framework/Realm ... 
2019-08-07 13:43:13 +0000  27629104 bytes for ./Payload/ReceiptLog.app/Frameworks/Realm.framework/Realm
2019-08-07 13:43:13 +0000  copying file ./Payload/ReceiptLog.app/Frameworks/SwipeCellKit.framework/_CodeSignature/CodeResources ... 
1798 bytes for ./Payload/ReceiptLog.app/Frameworks/SwipeCellKit.framework/_CodeSignature/CodeResources
copying file ./Payload/ReceiptLog.app/Frameworks/SwipeCellKit.framework/SwipeCellKit ... 
2019-08-07 13:43:14 +0000  1290640 bytes for ./Payload/ReceiptLog.app/Frameworks/SwipeCellKit.framework/SwipeCellKit
2019-08-07 13:43:14 +0000  copying file ./Payload/ReceiptLog.app/Frameworks/SwipeCellKit.framework/Info.plist ... 
747 bytes for ./Payload/ReceiptLog.app/Frameworks/SwipeCellKit.framework/Info.plist
copying file ./Payload/ReceiptLog.app/Frameworks/IQKeyboardManagerSwift.framework/_CodeSignature/CodeResources ... 
4698 bytes for ./Payload/ReceiptLog.app/Frameworks/IQKeyboardManagerSwift.framework/_CodeSignature/CodeResources
copying file ./Payload/ReceiptLog.app/Frameworks/IQKeyboardManagerSwift.framework/IQKeyboardManager.bundle/IQButtonBarArrowRight@2x.png ... 
2019-08-07 13:43:14 +0000  1786 bytes for ./Payload/ReceiptLog.app/Frameworks/IQKeyboardManagerSwift.framework/IQKeyboardManager.bundle/IQButtonBarArrowRight@2x.png
copying file ./Payload/ReceiptLog.app/Frameworks/IQKeyboardManagerSwift.framework/IQKeyboardManager.bundle/IQButtonBarArrowUp@3x.png ... 
2164 bytes for ./Payload/ReceiptLog.app/Frameworks/IQKeyboardManagerSwift.framework/IQKeyboardManager.bundle/IQButtonBarArrowUp@3x.png
2019-08-07 13:43:14 +0000  copying file ./Payload/ReceiptLog.app/Frameworks/IQKeyboardManagerSwift.framework/IQKeyboardManager.bundle/IQButtonBarArrowUp@2x.png ... 
1769 bytes for ./Payload/ReceiptLog.app/Frameworks/IQKeyboardManagerSwift.framework/IQKeyboardManager.bundle/IQButtonBarArrowUp@2x.png
copying file ./Payload/ReceiptLog.app/Frameworks/IQKeyboardManagerSwift.framework/IQKeyboardManager.bundle/IQButtonBarArrowRight@3x.png ... 
2019-08-07 13:43:14 +0000  1844 bytes for ./Payload/ReceiptLog.app/Frameworks/IQKeyboardManagerSwift.framework/IQKeyboardManager.bundle/IQButtonBarArrowRight@3x.png
copying file ./Payload/ReceiptLog.app/Frameworks/IQKeyboardManagerSwift.framework/IQKeyboardManager.bundle/IQButtonBarArrowLeft@3x.png ... 
2019-08-07 13:43:14 +0000  1815 bytes for ./Payload/ReceiptLog.app/Frameworks/IQKeyboardManagerSwift.framework/IQKeyboardManager.bundle/IQButtonBarArrowLeft@3x.png
copying file ./Payload/ReceiptLog.app/Frameworks/IQKeyboardManagerSwift.framework/IQKeyboardManager.bundle/IQButtonBarArrowDown@3x.png ... 
2019-08-07 13:43:14 +0000  2177 bytes for ./Payload/ReceiptLog.app/Frameworks/IQKeyboardManagerSwift.framework/IQKeyboardManager.bundle/IQButtonBarArrowDown@3x.png
copying file ./Payload/ReceiptLog.app/Frameworks/IQKeyboardManagerSwift.framework/IQKeyboardManager.bundle/IQButtonBarArrowDown@2x.png ... 
1764 bytes for ./Payload/ReceiptLog.app/Frameworks/IQKeyboardManagerSwift.framework/IQKeyboardManager.bundle/IQButtonBarArrowDown@2x.png
2019-08-07 13:43:14 +0000  copying file ./Payload/ReceiptLog.app/Frameworks/IQKeyboardManagerSwift.framework/IQKeyboardManager.bundle/IQButtonBarArrowLeft@2x.png ... 
1793 bytes for ./Payload/ReceiptLog.app/Frameworks/IQKeyboardManagerSwift.framework/IQKeyboardManager.bundle/IQButtonBarArrowLeft@2x.png
2019-08-07 13:43:14 +0000  copying file ./Payload/ReceiptLog.app/Frameworks/IQKeyboardManagerSwift.framework/IQKeyboardManagerSwift ... 
2019-08-07 13:43:14 +0000  1581872 bytes for ./Payload/ReceiptLog.app/Frameworks/IQKeyboardManagerSwift.framework/IQKeyboardManagerSwift
2019-08-07 13:43:14 +0000  copying file ./Payload/ReceiptLog.app/Frameworks/IQKeyboardManagerSwift.framework/Info.plist ... 
769 bytes for ./Payload/ReceiptLog.app/Frameworks/IQKeyboardManagerSwift.framework/Info.plist
copying file ./Payload/ReceiptLog.app/embedded.mobileprovision ... 
2019-08-07 13:43:14 +0000  7519 bytes for ./Payload/ReceiptLog.app/embedded.mobileprovision
copying file ./Payload/ReceiptLog.app/Info.plist ... 
2019-08-07 13:43:14 +0000  1310 bytes for ./Payload/ReceiptLog.app/Info.plist
copying file ./Payload/ReceiptLog.app/PkgInfo ... 
2019-08-07 13:43:14 +0000  8 bytes for ./Payload/ReceiptLog.app/PkgInfo
2019-08-07 13:43:14 +0000  /usr/bin/ditto exited with 0
2019-08-07 13:43:14 +0000  Processing step: IDEDistributionAppStoreInformationStep
2019-08-07 13:43:14 +0000  Skipping step: IDEDistributionAppStoreInformationStep because it said so
2019-08-07 13:43:14 +0000  Processing step: IDEDistributionCreateManifestStep
2019-08-07 13:43:14 +0000  Skipping step: IDEDistributionCreateManifestStep because it said so
